{"contracts/MyContract.sol":{"l":{"43":0,"44":0,"45":0,"51":0,"65":0,"69":0,"77":0,"81":0},"path":"/Users/matanyi/Documents/solidity-project/contracts/MyContract.sol","s":{"1":0,"2":0,"3":0,"4":0,"5":0,"6":0,"7":0},"b":{"1":[0,0]},"f":{"1":0,"2":0,"3":0,"4":0,"5":0},"fnMap":{"1":{"name":"constructor","line":42,"loc":{"start":{"line":42,"column":4},"end":{"line":47,"column":4}}},"2":{"name":"setTrustedValidator","line":50,"loc":{"start":{"line":50,"column":4},"end":{"line":52,"column":4}}},"3":{"name":"changeName","line":64,"loc":{"start":{"line":64,"column":4},"end":{"line":66,"column":4}}},"4":{"name":"getName","line":68,"loc":{"start":{"line":68,"column":4},"end":{"line":70,"column":4}}},"5":{"name":"onlyValidator","line":76,"loc":{"start":{"line":76,"column":4},"end":{"line":82,"column":4}}}},"statementMap":{"1":{"start":{"line":43,"column":8},"end":{"line":43,"column":19}},"2":{"start":{"line":44,"column":8},"end":{"line":44,"column":1119}},"3":{"start":{"line":45,"column":12},"end":{"line":45,"column":59}},"4":{"start":{"line":51,"column":8},"end":{"line":51,"column":42}},"5":{"start":{"line":65,"column":8},"end":{"line":65,"column":19}},"6":{"start":{"line":69,"column":8},"end":{"line":69,"column":19}},"7":{"start":{"line":77,"column":8},"end":{"line":77,"column":1868}}},"branchMap":{"1":{"line":77,"type":"if","locations":[{"start":{"line":77,"column":8},"end":{"line":77,"column":8}},{"start":{"line":77,"column":8},"end":{"line":77,"column":8}}]}}}}